<?xml version="1.0" encoding="UTF-8"?>
<!-- Generated by org.testng.reporters.JUnitReportReporter -->
<testsuite hostname="lgvn181413" failures="0" tests="2" name="com.somee.railway.CreateAccount" time="31.464" errors="0" timestamp="08 Nov 2023 09:39:08 GMT" skipped="0">
  <testcase classname="com.somee.railway.CreateAccount" name="TC_09_User_Create_And_Active_Acconut" time="28.401"/>
  <testcase classname="com.somee.railway.CreateAccount" name="TC_08_User_Cant_Create_Account_With_Empty_PID_And_Password" time="3.063"/>
</testsuite> <!-- com.somee.railway.CreateAccount -->
