<?xml version="1.0" encoding="UTF-8"?>
<!-- Generated by org.testng.reporters.JUnitReportReporter -->
<testsuite hostname="lgvn181413" failures="0" tests="5" name="com.jquery.datatable.Level_10_DataTable_DataGrid" time="20.837" errors="0" timestamp="18 Oct 2023 10:03:34 GMT" skipped="0">
  <testcase classname="com.jquery.datatable.Level_10_DataTable_DataGrid" name="Table_04" time="0.001"/>
  <testcase classname="com.jquery.datatable.Level_10_DataTable_DataGrid" name="Table_01" time="3.991"/>
  <testcase classname="com.jquery.datatable.Level_10_DataTable_DataGrid" name="Table_03" time="6.496"/>
  <testcase classname="com.jquery.datatable.Level_10_DataTable_DataGrid" name="Table_02_Enter_To_Header" time="10.348"/>
  <testcase classname="com.jquery.datatable.Level_10_DataTable_DataGrid" name="Table_05" time="0.001"/>
</testsuite> <!-- com.jquery.datatable.Level_10_DataTable_DataGrid -->
