<?xml version="1.0" encoding="UTF-8"?>
<!-- Generated by org.testng.reporters.JUnitReportReporter -->
<testsuite hostname="LAPTOP-DUVPB633" failures="0" tests="2" name="com.jquery.datatable.Level_10_DataTable_DataGrid" time="2.426" errors="0" timestamp="22 Oct 2023 18:11:01 GMT" skipped="0">
  <testcase classname="com.jquery.datatable.Level_10_DataTable_DataGrid" name="Table_04_Enter_To_Textbox_At_Any_Row" time="2.424"/>
  <testcase classname="com.jquery.datatable.Level_10_DataTable_DataGrid" name="Table_05" time="0.002"/>
</testsuite> <!-- com.jquery.datatable.Level_10_DataTable_DataGrid -->
