<?xml version="1.0" encoding="UTF-8"?>
<!-- Generated by org.testng.reporters.JUnitReportReporter -->
<testsuite hostname="lgvn181413" failures="0" tests="2" name="com.jquery.datatable.Level_10_DataTable_DataGrid" time="5.463" errors="0" timestamp="19 Oct 2023 11:06:03 GMT" skipped="0">
  <testcase classname="com.jquery.datatable.Level_10_DataTable_DataGrid" name="Table_04_Enter_To_Textbox_At_Any_Row" time="5.462"/>
  <testcase classname="com.jquery.datatable.Level_10_DataTable_DataGrid" name="Table_05" time="0.001"/>
</testsuite> <!-- com.jquery.datatable.Level_10_DataTable_DataGrid -->
