<?xml version="1.0" encoding="UTF-8"?>
<!-- Generated by org.testng.reporters.JUnitReportReporter -->
<testsuite hostname="LAPTOP-DUVPB633" failures="0" tests="1" name="com.somee.railway.Login" time="4.445" errors="0" timestamp="12 Nov 2023 16:09:34 GMT" skipped="0">
  <testcase classname="com.somee.railway.Login" name="TC_01_User_Login_With_Valid_Username_And_Password" time="4.445"/>
</testsuite> <!-- com.somee.railway.Login -->
