<?xml version="1.0" encoding="UTF-8"?>
<!-- Generated by org.testng.reporters.JUnitReportReporter -->
<testsuite hostname="LAPTOP-DUVPB633" failures="0" tests="6" name="com.nopcommere.user.Level_03_Page_Object_02_Login" time="11.054" errors="0" timestamp="03 Sep 2023 09:14:12 GMT" skipped="0">
  <testcase classname="com.nopcommere.user.Level_03_Page_Object_02_Login" name="Login_04_Existing_Email_Empty_Password" time="3.370"/>
  <testcase classname="com.nopcommere.user.Level_03_Page_Object_02_Login" name="Login_02_Invalid_Email" time="1.327"/>
  <testcase classname="com.nopcommere.user.Level_03_Page_Object_02_Login" name="Login_03_Email_Not_Found" time="1.597"/>
  <testcase classname="com.nopcommere.user.Level_03_Page_Object_02_Login" name="Login_05_Existing_Email_Wrong_Password" time="1.822"/>
  <testcase classname="com.nopcommere.user.Level_03_Page_Object_02_Login" name="Login_01_Empty_Data" time="1.118"/>
  <testcase classname="com.nopcommere.user.Level_03_Page_Object_02_Login" name="Login_06_Existing_Email_Correct_Password" time="1.820"/>
</testsuite> <!-- com.nopcommere.user.Level_03_Page_Object_02_Login -->
