<?xml version="1.0" encoding="UTF-8"?>
<!-- Generated by org.testng.reporters.JUnitReportReporter -->
<testsuite hostname="LAPTOP-DUVPB633" failures="0" tests="6" name="com.nopcommere.user.Level_06_Page_Generator_III" time="12.183" errors="0" timestamp="12 Sep 2023 06:59:11 GMT" skipped="0">
  <testcase classname="com.nopcommere.user.Level_06_Page_Generator_III" name="Login_03_Email_Not_Found" time="2.332"/>
  <testcase classname="com.nopcommere.user.Level_06_Page_Generator_III" name="Login_04_Existing_Email_Empty_Password" time="2.358"/>
  <testcase classname="com.nopcommere.user.Level_06_Page_Generator_III" name="Login_02_Invalid_Email" time="1.653"/>
  <testcase classname="com.nopcommere.user.Level_06_Page_Generator_III" name="Login_05_Existing_Email_Wrong_Password" time="2.117"/>
  <testcase classname="com.nopcommere.user.Level_06_Page_Generator_III" name="Login_01_Empty_Data" time="1.410"/>
  <testcase classname="com.nopcommere.user.Level_06_Page_Generator_III" name="Login_06_Existing_Email_Correct_Password" time="2.313"/>
</testsuite> <!-- com.nopcommere.user.Level_06_Page_Generator_III -->
