<?xml version="1.0" encoding="UTF-8"?>
<!-- Generated by org.testng.reporters.JUnitReportReporter -->
<testsuite hostname="lgvn181413" failures="0" tests="5" name="com.nopcommere.user.Level_09_Dynamic_Locator" time="6.475" errors="0" timestamp="16 Oct 2023 10:03:31 GMT" skipped="0">
  <testcase classname="com.nopcommere.user.Level_09_Dynamic_Locator" name="TC_02_Admin_To_User" time="2.585"/>
  <testcase classname="com.nopcommere.user.Level_09_Dynamic_Locator" name="TC_05_Password_Less_Than_6_Chars" time="0.001"/>
  <testcase classname="com.nopcommere.user.Level_09_Dynamic_Locator" name="TC_04_Register_Existing_Email" time="0.001"/>
  <testcase classname="com.nopcommere.user.Level_09_Dynamic_Locator" name="TC_06_Register_Invalid_Confirm_Password" time="0.001"/>
  <testcase classname="com.nopcommere.user.Level_09_Dynamic_Locator" name="TC_03_Dynamic_locator" time="3.887"/>
</testsuite> <!-- com.nopcommere.user.Level_09_Dynamic_Locator -->
