<?xml version="1.0" encoding="UTF-8"?>
<!-- Generated by org.testng.reporters.JUnitReportReporter -->
<testsuite hostname="lgvn181413" failures="0" tests="1" name="liveGuru.LiveGuruTestCase" time="8.152" errors="0" timestamp="10 Oct 2023 09:15:19 GMT" skipped="0">
  <testcase classname="liveGuru.LiveGuruTestCase" name="TC_01_Register_Success" time="8.152"/>
</testsuite> <!-- liveGuru.LiveGuruTestCase -->
