<?xml version="1.0" encoding="UTF-8"?>
<!-- Generated by org.testng.reporters.JUnitReportReporter -->
<testsuite hostname="LAPTOP-DUVPB633" failures="0" tests="1" name="com.somee.railway.Login" time="3.399" errors="0" timestamp="13 Nov 2023 15:21:34 GMT" skipped="0">
  <testcase classname="com.somee.railway.Login" name="TC_01_User_Login_With_Valid_Username_And_Password" time="3.399"/>
</testsuite> <!-- com.somee.railway.Login -->
