<?xml version="1.0" encoding="UTF-8"?>
<!-- Generated by org.testng.reporters.JUnitReportReporter -->
<testsuite hostname="LAPTOP-DUVPB633" failures="0" tests="6" name="com.nopcommere.user.Level_03_Page_Object" time="12.492" errors="0" timestamp="29 Aug 2023 18:47:17 GMT" skipped="0">
  <testcase classname="com.nopcommere.user.Level_03_Page_Object" name="TC_03_Register_Success" time="1.986"/>
  <testcase classname="com.nopcommere.user.Level_03_Page_Object" name="TC_04_Register_Existing_Email" time="3.211"/>
  <testcase classname="com.nopcommere.user.Level_03_Page_Object" name="TC_02_Register_Invalid_Email" time="1.600"/>
  <testcase classname="com.nopcommere.user.Level_03_Page_Object" name="TC_01_Register_Empty_Data" time="1.951"/>
  <testcase classname="com.nopcommere.user.Level_03_Page_Object" name="TC_05_Password_Less_Than_6_Chars" time="1.649"/>
  <testcase classname="com.nopcommere.user.Level_03_Page_Object" name="TC_06_Register_Invalid_Confirm_Password" time="2.095"/>
</testsuite> <!-- com.nopcommere.user.Level_03_Page_Object -->
