<?xml version="1.0" encoding="UTF-8"?>
<!-- Generated by org.testng.reporters.JUnitReportReporter -->
<testsuite hostname="lgvn181413" failures="0" tests="1" name="com.somee.railway.CreateAccount" time="7.014" errors="0" timestamp="09 Nov 2023 10:36:21 GMT" skipped="0">
  <testcase classname="com.somee.railway.CreateAccount" name="TC_08_User_Cant_Create_Account_With_Empty_PID_And_Password" time="7.014"/>
</testsuite> <!-- com.somee.railway.CreateAccount -->
