<?xml version="1.0" encoding="UTF-8"?>
<!-- Generated by org.testng.reporters.JUnitReportReporter -->
<testsuite hostname="LAPTOP-DUVPB633" failures="0" tests="6" name="com.nopcommere.user.Level_04_Multi_Browsers" time="9.198" errors="0" timestamp="13 Sep 2023 17:53:38 GMT" skipped="0">
  <testcase classname="com.nopcommere.user.Level_04_Multi_Browsers" name="Login_02_Invalid_Email" time="1.247"/>
  <testcase classname="com.nopcommere.user.Level_04_Multi_Browsers" name="Login_01_Empty_Data" time="1.110"/>
  <testcase classname="com.nopcommere.user.Level_04_Multi_Browsers" name="Login_05_Existing_Email_Wrong_Password" time="1.382"/>
  <testcase classname="com.nopcommere.user.Level_04_Multi_Browsers" name="Login_03_Email_Not_Found" time="1.491"/>
  <testcase classname="com.nopcommere.user.Level_04_Multi_Browsers" name="Login_04_Existing_Email_Empty_Password" time="1.576"/>
  <testcase classname="com.nopcommere.user.Level_04_Multi_Browsers" name="Login_06_Existing_Email_Correct_Password" time="2.392"/>
</testsuite> <!-- com.nopcommere.user.Level_04_Multi_Browsers -->
