<?xml version="1.0" encoding="UTF-8"?>
<!-- Generated by org.testng.reporters.JUnitReportReporter -->
<testsuite hostname="lgvn181413" failures="0" tests="5" name="com.jquery.datatable.Level_10_DataTable_DataGrid" time="4.088" errors="0" timestamp="17 Oct 2023 11:09:13 GMT" skipped="0">
  <testcase classname="com.jquery.datatable.Level_10_DataTable_DataGrid" name="Table_03" time="0.001"/>
  <testcase classname="com.jquery.datatable.Level_10_DataTable_DataGrid" name="Table_02" time="0.000"/>
  <testcase classname="com.jquery.datatable.Level_10_DataTable_DataGrid" name="Table_01" time="4.085"/>
  <testcase classname="com.jquery.datatable.Level_10_DataTable_DataGrid" name="Table_05" time="0.001"/>
  <testcase classname="com.jquery.datatable.Level_10_DataTable_DataGrid" name="Table_04" time="0.001"/>
</testsuite> <!-- com.jquery.datatable.Level_10_DataTable_DataGrid -->
