<?xml version="1.0" encoding="UTF-8"?>
<!-- Generated by org.testng.reporters.JUnitReportReporter -->
<testsuite hostname="LAPTOP-DUVPB633" failures="0" tests="1" name="com.somee.railway.BookTicket" time="8.346" errors="0" timestamp="19 Nov 2023 16:41:03 GMT" skipped="0">
  <testcase classname="com.somee.railway.BookTicket" name="TC_01_User_Login_With_Valid_Username_And_Password" time="8.346"/>
</testsuite> <!-- com.somee.railway.BookTicket -->
