<?xml version="1.0" encoding="UTF-8"?>
<!-- Generated by org.testng.reporters.JUnitReportReporter -->
<testsuite hostname="LAPTOP-DUVPB633" failures="0" tests="5" name="com.jquery.datatable.Level_10_DataTable_DataGrid" time="19.568" errors="0" timestamp="17 Oct 2023 17:48:44 GMT" skipped="0">
  <testcase classname="com.jquery.datatable.Level_10_DataTable_DataGrid" name="Table_01" time="5.226"/>
  <testcase classname="com.jquery.datatable.Level_10_DataTable_DataGrid" name="Table_05" time="0.001"/>
  <testcase classname="com.jquery.datatable.Level_10_DataTable_DataGrid" name="Table_02_Enter_To_Header" time="14.339"/>
  <testcase classname="com.jquery.datatable.Level_10_DataTable_DataGrid" name="Table_03" time="0.002"/>
  <testcase classname="com.jquery.datatable.Level_10_DataTable_DataGrid" name="Table_04" time="0.000"/>
</testsuite> <!-- com.jquery.datatable.Level_10_DataTable_DataGrid -->
