<?xml version="1.0" encoding="UTF-8"?>
<!-- Generated by org.testng.reporters.JUnitReportReporter -->
<testsuite hostname="LAPTOP-DUVPB633" failures="0" tests="2" name="com.jquery.datatable.Level_10_DataTable_DataGrid" time="3.689" errors="0" timestamp="25 Oct 2023 18:21:57 GMT" skipped="0">
  <testcase classname="com.jquery.datatable.Level_10_DataTable_DataGrid" name="Table_05" time="0.001"/>
  <testcase classname="com.jquery.datatable.Level_10_DataTable_DataGrid" name="Table_04_Enter_To_Textbox_At_Any_Row" time="3.688"/>
</testsuite> <!-- com.jquery.datatable.Level_10_DataTable_DataGrid -->
