<?xml version="1.0" encoding="UTF-8"?>
<!-- Generated by org.testng.reporters.JUnitReportReporter -->
<testsuite hostname="LAPTOP-DUVPB633" failures="0" tests="1" name="com.somee.railway.CreateAccount" time="47.365" errors="0" timestamp="10 Nov 2023 17:16:48 GMT" skipped="0">
  <testcase classname="com.somee.railway.CreateAccount" name="TC_09_User_Create_And_Active_Acconut" time="47.365"/>
</testsuite> <!-- com.somee.railway.CreateAccount -->
